#
# A fatal error has been detected by the Java Runtime Environment:
#
#  EXCEPTION_ACCESS_VIOLATION (0xc0000005) at pc=0x00007ffb4669ee03, pid=748, tid=9576
#
# JRE version: OpenJDK Runtime Environment (15.0.1+9) (build 15.0.1+9-18)
# Java VM: OpenJDK 64-Bit Server VM (15.0.1+9-18, mixed mode, tiered, compressed oops, g1 gc, windows-amd64)
# Problematic frame:
# V  [jvm.dll+0x2fee03]
#
# No core dump will be written. Minidumps are not enabled by default on client versions of Windows
#
# If you would like to submit a bug report, please visit:
#   https://bugreport.java.com/bugreport/crash.jsp
#

---------------  S U M M A R Y ------------

Command Line: -XX:+ShowCodeDetailsInExceptionMessages -agentlib:jdwp=transport=dt_socket,suspend=y,address=localhost:59596 -javaagent:D:\isolveDev\eclipse\configuration\org.eclipse.osgi\405\0\.cp\lib\javaagent-shaded.jar -Dfile.encoding=UTF-8 by.others.MultipleSirhaz

Host: Intel(R) Core(TM) i7-8650U CPU @ 1.90GHz, 8 cores, 15G,  Windows 10 , 64 bit Build 18362 (10.0.18362.1110)
Time: Sat Jan  2 00:54:19 2021 Central Standard Time elapsed time: 511.997210 seconds (0d 0h 8m 31s)

---------------  T H R E A D  ---------------

Current thread (0x000001eb365a00e0):  JavaThread "JDWP Transport Listener: dt_socket" daemon [_thread_in_vm, id=9576, stack(0x0000009bb1000000,0x0000009bb1100000)] _threads_hazard_ptr=0x000001eb37750860

Stack: [0x0000009bb1000000,0x0000009bb1100000],  sp=0x0000009bb10fec20,  free space=1019k
Native frames: (J=compiled Java code, j=interpreted, Vv=VM code, C=native code)
V  [jvm.dll+0x2fee03]
V  [jvm.dll+0x302c42]
V  [jvm.dll+0x30305f]
V  [jvm.dll+0x2ff236]
V  [jvm.dll+0x619c80]
V  [jvm.dll+0x619963]
V  [jvm.dll+0x5df038]
V  [jvm.dll+0x7783ef]
V  [jvm.dll+0x4f04b1]
V  [jvm.dll+0x787e95]
V  [jvm.dll+0x4d430a]
V  [jvm.dll+0x49548b]
C  [jdwp.dll+0x7f79]


siginfo: EXCEPTION_ACCESS_VIOLATION (0xc0000005), reading address 0xffffffffffffffff


Register to memory mapping:

RIP=0x00007ffb4669ee03 jvm.dll
RAX=0x000001eb36b8a310 points into unknown readable memory: 0x0000008200000001 | 01 00 00 00 82 00 00 00
RBX=0x0000009bb10fedf0 is pointing into the stack for thread: 0x000001eb365a00e0
RCX=0x0000009bb10fee60 is pointing into the stack for thread: 0x000001eb365a00e0
RDX=0xffffffffffffcb8b is an unknown value
RSP=0x0000009bb10fec20 is pointing into the stack for thread: 0x000001eb365a00e0
RBP=0x00007ffb4669ede0 jvm.dll
RSI=0x0 is NULL
RDI=0x0000009bb10fedf0 is pointing into the stack for thread: 0x000001eb365a00e0
R8 =0x03ffffffffffff2e is an unknown value
R9 =0x000000000000000b is an unknown value
R10=0x00007ffb463a0000 jvm.dll
R11=0x000001eb36b8a310 points into unknown readable memory: 0x0000008200000001 | 01 00 00 00 82 00 00 00
R12=0x00000000000083b0 is an unknown value
R13=0x0000000000000001 is an unknown value
R14=0x0000000000000165 is an unknown value
R15=0x000001eb370f8fb8 is pointing into metadata


Registers:
RAX=0x000001eb36b8a310, RBX=0x0000009bb10fedf0, RCX=0x0000009bb10fee60, RDX=0xffffffffffffcb8b
RSP=0x0000009bb10fec20, RBP=0x00007ffb4669ede0, RSI=0x0000000000000000, RDI=0x0000009bb10fedf0
R8 =0x03ffffffffffff2e, R9 =0x000000000000000b, R10=0x00007ffb463a0000, R11=0x000001eb36b8a310
R12=0x00000000000083b0, R13=0x0000000000000001, R14=0x0000000000000165, R15=0x000001eb370f8fb8
RIP=0x00007ffb4669ee03, EFLAGS=0x0000000000010a06

Top of Stack: (sp=0x0000009bb10fec20)
0x0000009bb10fec20:   0000000710bde480 0000000000000014
0x0000009bb10fec30:   0000000000000000 00007ffb466b4644
0x0000009bb10fec40:   0000009bb10fecc0 00007ffb466a2c42
0x0000009bb10fec50:   0000009bb10fecc0 000001eb3635be10
0x0000009bb10fec60:   0000009bb10fecc0 00007ffb464a201e
0x0000009bb10fec70:   000001eb370f93b8 0000000000000050
0x0000009bb10fec80:   000001eb370f9155 0000000000000099
0x0000009bb10fec90:   0000000000000099 00007ffb466a305f
0x0000009bb10feca0:   0000009bb10fedf0 0000009bb10fecf0
0x0000009bb10fecb0:   0000000000000165 0000009bb10fecf0
0x0000009bb10fecc0:   000001eb370f93b8 000001eb365a00e0
0x0000009bb10fecd0:   0000016800000165 0000009900000276
0x0000009bb10fece0:   0000027600000000 ffffffff00000099
0x0000009bb10fecf0:   0000000000000000 00000000000003d8
0x0000009bb10fed00:   00000000000083b0 000001eb36b8a2c0
0x0000009bb10fed10:   000001eb365a00e0 00007ffb4669f236 

Instructions: (pc=0x00007ffb4669ee03)
0x00007ffb4669ed03:   f8 4c 63 fa 4c 8b f1 48 85 db 74 12 90 39 3b 0f
0x00007ffb4669ed13:   84 9b 00 00 00 48 8b 5b 10 48 85 db 75 ef 33 d2
0x00007ffb4669ed23:   8d 4a 18 e8 75 3a 38 00 48 8b d8 48 85 c0 74 79
0x00007ffb4669ed33:   33 d2 48 89 6c 24 48 49 8b 2e 48 89 74 24 50 89
0x00007ffb4669ed43:   38 8d 4a 20 e8 54 3a 38 00 33 ff 48 8b f0 48 85
0x00007ffb4669ed53:   c0 74 3f 8b 0d 6c dc 6f 00 8d 57 08 89 48 04 48
0x00007ffb4669ed63:   8b c8 89 38 c7 40 10 08 00 00 00 48 89 78 08 e8
0x00007ffb4669ed73:   e9 51 01 00 48 89 46 18 39 7e 04 7e 18 48 8b 46
0x00007ffb4669ed83:   18 33 d2 8b cf ff c7 48 89 14 c8 3b 7e 04 7c ed
0x00007ffb4669ed93:   eb 03 48 8b f7 48 89 73 08 48 8b 74 24 50 48 89
0x00007ffb4669eda3:   6b 10 48 8b 6c 24 48 eb 04 33 ff 8b df 49 89 1e
0x00007ffb4669edb3:   48 8b 4b 08 48 8d 54 24 40 4c 89 7c 24 40 e8 7a
0x00007ffb4669edc3:   45 da ff 48 8b 5c 24 58 48 83 c4 20 41 5f 41 5e
0x00007ffb4669edd3:   5f c3 cc cc cc cc cc cc cc cc cc cc cc 40 53 48
0x00007ffb4669ede3:   83 ec 20 48 63 d2 48 8b d9 0f b6 c2 48 83 c1 70
0x00007ffb4669edf3:   24 3f 4c 8b c2 44 0f b6 c8 49 c1 e8 06 48 8b 01
0x00007ffb4669ee03:   4e 8b 04 c0 4d 0f a3 c8 72 0b 41 b0 01 e8 bb 7a
0x00007ffb4669ee13:   df ff ff 43 6c 48 83 c4 20 5b c3 cc cc 8b c2 4c
0x00007ffb4669ee23:   8b d1 41 33 c0 a9 00 00 00 f0 0f 84 ca 00 00 00
0x00007ffb4669ee33:   44 8b ca 8b c2 41 c1 e9 1d b9 72 00 00 00 41 80
0x00007ffb4669ee43:   e1 01 c1 e8 1e 44 8d 59 ae a8 01 74 1a 45 84 c9
0x00007ffb4669ee53:   75 0d c1 ea 1c f6 c2 01 75 05 44 8b c9 eb 35 41
0x00007ffb4669ee63:   b9 23 00 00 00 eb 2d 45 84 c9 74 08 41 b9 76 00
0x00007ffb4669ee73:   00 00 eb 20 8b c2 c1 e8 1c a8 01 74 08 41 b9 70
0x00007ffb4669ee83:   00 00 00 eb 0f c1 ea 1f 41 b9 40 00 00 00 84 d2
0x00007ffb4669ee93:   45 0f 45 cb 41 8b d0 41 8b c0 c1 ea 1d 80 e2 01
0x00007ffb4669eea3:   c1 e8 1e a8 01 74 15 84 d2 75 0a 41 c1 e8 1c 41
0x00007ffb4669eeb3:   f6 c0 01 74 33 b9 23 00 00 00 eb 2c 84 d2 74 07
0x00007ffb4669eec3:   b9 76 00 00 00 eb 21 41 8b c0 c1 e8 1c a8 01 74
0x00007ffb4669eed3:   07 b9 70 00 00 00 eb 10 41 c1 e8 1f b9 40 00 00
0x00007ffb4669eee3:   00 45 84 c0 41 0f 45 cb 44 8b c1 48 8d 15 83 00
0x00007ffb4669eef3:   59 00 49 8b ca e9 b3 56 00 00 c3 cc cc 40 53 48 


Stack slot to memory mapping:
stack at sp + 0 slots: 0x0000000710bde480 is an oop: [Ljava.lang.Object; 
{0x0000000710bde480} - klass: 'java/lang/Object'[]
 - length: 20
stack at sp + 1 slots: 0x0000000000000014 is an unknown value
stack at sp + 2 slots: 0x0 is NULL
stack at sp + 3 slots: 0x00007ffb466b4644 jvm.dll
stack at sp + 4 slots: 0x0000009bb10fecc0 is pointing into the stack for thread: 0x000001eb365a00e0
stack at sp + 5 slots: 0x00007ffb466a2c42 jvm.dll
stack at sp + 6 slots: 0x0000009bb10fecc0 is pointing into the stack for thread: 0x000001eb365a00e0
stack at sp + 7 slots: 0x000001eb3635be10 points into unknown readable memory: 0x0000000000000000 | 00 00 00 00 00 00 00 00


---------------  P R O C E S S  ---------------

Threads class SMR info:
_java_thread_list=0x000001eb37750860, length=19, elements={
0x000001eb169f8a70, 0x000001eb360c6010, 0x000001eb360c68d0, 0x000001eb360fad50,
0x000001eb360fd620, 0x000001eb360fe2f0, 0x000001eb360feee0, 0x000001eb3610c3d0,
0x000001eb3610ccd0, 0x000001eb362689f0, 0x000001eb365a00e0, 0x000001eb3644e820,
0x000001eb363890c0, 0x000001eb366d0cb0, 0x000001eb36cef690, 0x000001eb37694f90,
0x000001eb37696930, 0x000001eb376f9730, 0x000001eb3775a890
}

Java Threads: ( => current thread )
  0x000001eb169f8a70 JavaThread "main" [_thread_blocked, id=7408, stack(0x0000009bb0000000,0x0000009bb0100000)]
  0x000001eb360c6010 JavaThread "Reference Handler" daemon [_thread_blocked, id=15708, stack(0x0000009bb0700000,0x0000009bb0800000)]
  0x000001eb360c68d0 JavaThread "Finalizer" daemon [_thread_blocked, id=16180, stack(0x0000009bb0800000,0x0000009bb0900000)]
  0x000001eb360fad50 JavaThread "Signal Dispatcher" daemon [_thread_blocked, id=15804, stack(0x0000009bb0900000,0x0000009bb0a00000)]
  0x000001eb360fd620 JavaThread "Attach Listener" daemon [_thread_blocked, id=6412, stack(0x0000009bb0a00000,0x0000009bb0b00000)]
  0x000001eb360fe2f0 JavaThread "Service Thread" daemon [_thread_blocked, id=13264, stack(0x0000009bb0b00000,0x0000009bb0c00000)]
  0x000001eb360feee0 JavaThread "C2 CompilerThread0" daemon [_thread_blocked, id=9976, stack(0x0000009bb0c00000,0x0000009bb0d00000)]
  0x000001eb3610c3d0 JavaThread "C1 CompilerThread0" daemon [_thread_blocked, id=4808, stack(0x0000009bb0d00000,0x0000009bb0e00000)]
  0x000001eb3610ccd0 JavaThread "Sweeper thread" daemon [_thread_blocked, id=15184, stack(0x0000009bb0e00000,0x0000009bb0f00000)]
  0x000001eb362689f0 JavaThread "Common-Cleaner" daemon [_thread_blocked, id=17700, stack(0x0000009bb0f00000,0x0000009bb1000000)]
=>0x000001eb365a00e0 JavaThread "JDWP Transport Listener: dt_socket" daemon [_thread_in_vm, id=9576, stack(0x0000009bb1000000,0x0000009bb1100000)]
  0x000001eb3644e820 JavaThread "JDWP Event Helper Thread" daemon [_thread_blocked, id=8128, stack(0x0000009bb1100000,0x0000009bb1200000)]
  0x000001eb363890c0 JavaThread "JDWP Command Reader" daemon [_thread_in_native, id=14728, stack(0x0000009bb1200000,0x0000009bb1300000)]
  0x000001eb366d0cb0 JavaThread "Notification Thread" daemon [_thread_blocked, id=7928, stack(0x0000009bb1400000,0x0000009bb1500000)]
  0x000001eb36cef690 JavaThread "Exec Default Executor" daemon [_thread_in_native, id=16860, stack(0x0000009bb1c00000,0x0000009bb1d00000)]
  0x000001eb37694f90 JavaThread "Exec Stream Pumper" daemon [_thread_in_native, id=13564, stack(0x0000009bb1e00000,0x0000009bb1f00000)]
  0x000001eb37696930 JavaThread "Exec Stream Pumper" daemon [_thread_in_native, id=7788, stack(0x0000009bb1f00000,0x0000009bb2000000)]
  0x000001eb376f9730 JavaThread "OkHttp ConnectionPool" daemon [_thread_blocked, id=14200, stack(0x0000009bb2100000,0x0000009bb2200000)]
  0x000001eb3775a890 JavaThread "Okio Watchdog" daemon [_thread_blocked, id=9704, stack(0x0000009bb2200000,0x0000009bb2300000)]

Other Threads:
  0x000001eb3606b870 VMThread "VM Thread" [stack: 0x0000009bb0600000,0x0000009bb0700000] [id=12916]
  0x000001eb169f9850 WatcherThread [stack: 0x0000009bb1500000,0x0000009bb1600000] [id=1904]
  0x000001eb16a46930 GCTaskThread "GC Thread#0" [stack: 0x0000009bb0100000,0x0000009bb0200000] [id=15584]
  0x000001eb3637ffc0 GCTaskThread "GC Thread#1" [stack: 0x0000009bb1600000,0x0000009bb1700000] [id=14280]
  0x000001eb3637f630 GCTaskThread "GC Thread#2" [stack: 0x0000009bb1700000,0x0000009bb1800000] [id=15828]
  0x000001eb36380950 GCTaskThread "GC Thread#3" [stack: 0x0000009bb1800000,0x0000009bb1900000] [id=6960]
  0x000001eb3637d650 GCTaskThread "GC Thread#4" [stack: 0x0000009bb1900000,0x0000009bb1a00000] [id=15972]
  0x000001eb3637eca0 GCTaskThread "GC Thread#5" [stack: 0x0000009bb1a00000,0x0000009bb1b00000] [id=12976]
  0x000001eb16a58dc0 ConcurrentGCThread "G1 Main Marker" [stack: 0x0000009bb0200000,0x0000009bb0300000] [id=10016]
  0x000001eb16a597c0 ConcurrentGCThread "G1 Conc#0" [stack: 0x0000009bb0300000,0x0000009bb0400000] [id=12388]
  0x000001eb356d44e0 ConcurrentGCThread "G1 Refine#0" [stack: 0x0000009bb0400000,0x0000009bb0500000] [id=15600]
  0x000001eb16aaf770 ConcurrentGCThread "G1 Young RemSet Sampling" [stack: 0x0000009bb0500000,0x0000009bb0600000] [id=336]

Threads with active compile tasks:

VM state: not at safepoint (normal execution)

VM Mutex/Monitor currently owned by a thread: None

Heap address: 0x0000000702800000, size: 4056 MB, Compressed Oops mode: Zero based, Oop shift amount: 3
CDS disabled.
Compressed class space mapped at: 0x0000000800000000-0x0000000840000000, size: 1073741824
Narrow klass base: 0x0000000800000000, Narrow klass shift: 0, Narrow klass range: 0x40000000

GC Precious Log:
 CPUs: 8 total, 8 available
 Memory: 16222M
 Large Page Support: Disabled
 NUMA Support: Disabled
 Compressed Oops: Enabled (Zero based)
 Heap Region Size: 2M
 Heap Min Capacity: 8M
 Heap Initial Capacity: 254M
 Heap Max Capacity: 4056M
 Pre-touch: Disabled
 Parallel Workers: 8
 Concurrent Workers: 2
 Concurrent Refinement Workers: 8
 Periodic GC: Disabled

Heap:
 garbage-first heap   total 260096K, used 33216K [0x0000000702800000, 0x0000000800000000)
  region size 2048K, 15 young (30720K), 1 survivors (2048K)
 Metaspace       used 20478K, capacity 20696K, committed 20864K, reserved 1069056K
  class space    used 2038K, capacity 2096K, committed 2176K, reserved 1048576K

Heap Regions: E=young(eden), S=young(survivor), O=old, HS=humongous(starts), HC=humongous(continues), CS=collection set, F=free, OA=open archive, CA=closed archive, TAMS=top-at-mark-start (previous, next)
|   0|0x0000000702800000, 0x0000000702a00000, 0x0000000702a00000|100%| O|  |TAMS 0x0000000702800000, 0x0000000702800000| Untracked 
|   1|0x0000000702a00000, 0x0000000702c00000, 0x0000000702c00000|100%| O|  |TAMS 0x0000000702a00000, 0x0000000702a00000| Untracked 
|   2|0x0000000702c00000, 0x0000000702d2ba00, 0x0000000702e00000| 58%| O|  |TAMS 0x0000000702c00000, 0x0000000702c00000| Untracked 
|   3|0x0000000702e00000, 0x0000000702e00000, 0x0000000703000000|  0%| F|  |TAMS 0x0000000702e00000, 0x0000000702e00000| Untracked 
|   4|0x0000000703000000, 0x0000000703000000, 0x0000000703200000|  0%| F|  |TAMS 0x0000000703000000, 0x0000000703000000| Untracked 
|   5|0x0000000703200000, 0x0000000703200000, 0x0000000703400000|  0%| F|  |TAMS 0x0000000703200000, 0x0000000703200000| Untracked 
|   6|0x0000000703400000, 0x0000000703400000, 0x0000000703600000|  0%| F|  |TAMS 0x0000000703400000, 0x0000000703400000| Untracked 
|   7|0x0000000703600000, 0x0000000703600000, 0x0000000703800000|  0%| F|  |TAMS 0x0000000703600000, 0x0000000703600000| Untracked 
|   8|0x0000000703800000, 0x0000000703800000, 0x0000000703a00000|  0%| F|  |TAMS 0x0000000703800000, 0x0000000703800000| Untracked 
|   9|0x0000000703a00000, 0x0000000703a00000, 0x0000000703c00000|  0%| F|  |TAMS 0x0000000703a00000, 0x0000000703a00000| Untracked 
|  10|0x0000000703c00000, 0x0000000703c00000, 0x0000000703e00000|  0%| F|  |TAMS 0x0000000703c00000, 0x0000000703c00000| Untracked 
|  11|0x0000000703e00000, 0x0000000703e00000, 0x0000000704000000|  0%| F|  |TAMS 0x0000000703e00000, 0x0000000703e00000| Untracked 
|  12|0x0000000704000000, 0x0000000704000000, 0x0000000704200000|  0%| F|  |TAMS 0x0000000704000000, 0x0000000704000000| Untracked 
|  13|0x0000000704200000, 0x0000000704200000, 0x0000000704400000|  0%| F|  |TAMS 0x0000000704200000, 0x0000000704200000| Untracked 
|  14|0x0000000704400000, 0x0000000704400000, 0x0000000704600000|  0%| F|  |TAMS 0x0000000704400000, 0x0000000704400000| Untracked 
|  15|0x0000000704600000, 0x0000000704600000, 0x0000000704800000|  0%| F|  |TAMS 0x0000000704600000, 0x0000000704600000| Untracked 
|  16|0x0000000704800000, 0x0000000704800000, 0x0000000704a00000|  0%| F|  |TAMS 0x0000000704800000, 0x0000000704800000| Untracked 
|  17|0x0000000704a00000, 0x0000000704a00000, 0x0000000704c00000|  0%| F|  |TAMS 0x0000000704a00000, 0x0000000704a00000| Untracked 
|  18|0x0000000704c00000, 0x0000000704c00000, 0x0000000704e00000|  0%| F|  |TAMS 0x0000000704c00000, 0x0000000704c00000| Untracked 
|  19|0x0000000704e00000, 0x0000000704e00000, 0x0000000705000000|  0%| F|  |TAMS 0x0000000704e00000, 0x0000000704e00000| Untracked 
|  20|0x0000000705000000, 0x0000000705000000, 0x0000000705200000|  0%| F|  |TAMS 0x0000000705000000, 0x0000000705000000| Untracked 
|  21|0x0000000705200000, 0x0000000705200000, 0x0000000705400000|  0%| F|  |TAMS 0x0000000705200000, 0x0000000705200000| Untracked 
|  22|0x0000000705400000, 0x0000000705400000, 0x0000000705600000|  0%| F|  |TAMS 0x0000000705400000, 0x0000000705400000| Untracked 
|  23|0x0000000705600000, 0x0000000705600000, 0x0000000705800000|  0%| F|  |TAMS 0x0000000705600000, 0x0000000705600000| Untracked 
|  24|0x0000000705800000, 0x0000000705800000, 0x0000000705a00000|  0%| F|  |TAMS 0x0000000705800000, 0x0000000705800000| Untracked 
|  25|0x0000000705a00000, 0x0000000705a00000, 0x0000000705c00000|  0%| F|  |TAMS 0x0000000705a00000, 0x0000000705a00000| Untracked 
|  26|0x0000000705c00000, 0x0000000705c00000, 0x0000000705e00000|  0%| F|  |TAMS 0x0000000705c00000, 0x0000000705c00000| Untracked 
|  27|0x0000000705e00000, 0x0000000705e00000, 0x0000000706000000|  0%| F|  |TAMS 0x0000000705e00000, 0x0000000705e00000| Untracked 
|  28|0x0000000706000000, 0x0000000706000000, 0x0000000706200000|  0%| F|  |TAMS 0x0000000706000000, 0x0000000706000000| Untracked 
|  29|0x0000000706200000, 0x0000000706200000, 0x0000000706400000|  0%| F|  |TAMS 0x0000000706200000, 0x0000000706200000| Untracked 
|  30|0x0000000706400000, 0x0000000706400000, 0x0000000706600000|  0%| F|  |TAMS 0x0000000706400000, 0x0000000706400000| Untracked 
|  31|0x0000000706600000, 0x0000000706600000, 0x0000000706800000|  0%| F|  |TAMS 0x0000000706600000, 0x0000000706600000| Untracked 
|  32|0x0000000706800000, 0x0000000706800000, 0x0000000706a00000|  0%| F|  |TAMS 0x0000000706800000, 0x0000000706800000| Untracked 
|  33|0x0000000706a00000, 0x0000000706a00000, 0x0000000706c00000|  0%| F|  |TAMS 0x0000000706a00000, 0x0000000706a00000| Untracked 
|  34|0x0000000706c00000, 0x0000000706c00000, 0x0000000706e00000|  0%| F|  |TAMS 0x0000000706c00000, 0x0000000706c00000| Untracked 
|  35|0x0000000706e00000, 0x0000000706e00000, 0x0000000707000000|  0%| F|  |TAMS 0x0000000706e00000, 0x0000000706e00000| Untracked 
|  36|0x0000000707000000, 0x0000000707000000, 0x0000000707200000|  0%| F|  |TAMS 0x0000000707000000, 0x0000000707000000| Untracked 
|  37|0x0000000707200000, 0x0000000707200000, 0x0000000707400000|  0%| F|  |TAMS 0x0000000707200000, 0x0000000707200000| Untracked 
|  38|0x0000000707400000, 0x0000000707400000, 0x0000000707600000|  0%| F|  |TAMS 0x0000000707400000, 0x0000000707400000| Untracked 
|  39|0x0000000707600000, 0x0000000707600000, 0x0000000707800000|  0%| F|  |TAMS 0x0000000707600000, 0x0000000707600000| Untracked 
|  40|0x0000000707800000, 0x0000000707800000, 0x0000000707a00000|  0%| F|  |TAMS 0x0000000707800000, 0x0000000707800000| Untracked 
|  41|0x0000000707a00000, 0x0000000707a00000, 0x0000000707c00000|  0%| F|  |TAMS 0x0000000707a00000, 0x0000000707a00000| Untracked 
|  42|0x0000000707c00000, 0x0000000707c00000, 0x0000000707e00000|  0%| F|  |TAMS 0x0000000707c00000, 0x0000000707c00000| Untracked 
|  43|0x0000000707e00000, 0x0000000707e00000, 0x0000000708000000|  0%| F|  |TAMS 0x0000000707e00000, 0x0000000707e00000| Untracked 
|  44|0x0000000708000000, 0x0000000708000000, 0x0000000708200000|  0%| F|  |TAMS 0x0000000708000000, 0x0000000708000000| Untracked 
|  45|0x0000000708200000, 0x0000000708200000, 0x0000000708400000|  0%| F|  |TAMS 0x0000000708200000, 0x0000000708200000| Untracked 
|  46|0x0000000708400000, 0x0000000708400000, 0x0000000708600000|  0%| F|  |TAMS 0x0000000708400000, 0x0000000708400000| Untracked 
|  47|0x0000000708600000, 0x0000000708600000, 0x0000000708800000|  0%| F|  |TAMS 0x0000000708600000, 0x0000000708600000| Untracked 
|  48|0x0000000708800000, 0x0000000708800000, 0x0000000708a00000|  0%| F|  |TAMS 0x0000000708800000, 0x0000000708800000| Untracked 
|  49|0x0000000708a00000, 0x0000000708a00000, 0x0000000708c00000|  0%| F|  |TAMS 0x0000000708a00000, 0x0000000708a00000| Untracked 
|  50|0x0000000708c00000, 0x0000000708c00000, 0x0000000708e00000|  0%| F|  |TAMS 0x0000000708c00000, 0x0000000708c00000| Untracked 
|  51|0x0000000708e00000, 0x0000000708e00000, 0x0000000709000000|  0%| F|  |TAMS 0x0000000708e00000, 0x0000000708e00000| Untracked 
|  52|0x0000000709000000, 0x0000000709000000, 0x0000000709200000|  0%| F|  |TAMS 0x0000000709000000, 0x0000000709000000| Untracked 
|  53|0x0000000709200000, 0x0000000709200000, 0x0000000709400000|  0%| F|  |TAMS 0x0000000709200000, 0x0000000709200000| Untracked 
|  54|0x0000000709400000, 0x0000000709400000, 0x0000000709600000|  0%| F|  |TAMS 0x0000000709400000, 0x0000000709400000| Untracked 
|  55|0x0000000709600000, 0x0000000709600000, 0x0000000709800000|  0%| F|  |TAMS 0x0000000709600000, 0x0000000709600000| Untracked 
|  56|0x0000000709800000, 0x0000000709800000, 0x0000000709a00000|  0%| F|  |TAMS 0x0000000709800000, 0x0000000709800000| Untracked 
|  57|0x0000000709a00000, 0x0000000709a00000, 0x0000000709c00000|  0%| F|  |TAMS 0x0000000709a00000, 0x0000000709a00000| Untracked 
|  58|0x0000000709c00000, 0x0000000709c00000, 0x0000000709e00000|  0%| F|  |TAMS 0x0000000709c00000, 0x0000000709c00000| Untracked 
|  59|0x0000000709e00000, 0x0000000709e00000, 0x000000070a000000|  0%| F|  |TAMS 0x0000000709e00000, 0x0000000709e00000| Untracked 
|  60|0x000000070a000000, 0x000000070a000000, 0x000000070a200000|  0%| F|  |TAMS 0x000000070a000000, 0x000000070a000000| Untracked 
|  61|0x000000070a200000, 0x000000070a200000, 0x000000070a400000|  0%| F|  |TAMS 0x000000070a200000, 0x000000070a200000| Untracked 
|  62|0x000000070a400000, 0x000000070a400000, 0x000000070a600000|  0%| F|  |TAMS 0x000000070a400000, 0x000000070a400000| Untracked 
|  63|0x000000070a600000, 0x000000070a600000, 0x000000070a800000|  0%| F|  |TAMS 0x000000070a600000, 0x000000070a600000| Untracked 
|  64|0x000000070a800000, 0x000000070a800000, 0x000000070aa00000|  0%| F|  |TAMS 0x000000070a800000, 0x000000070a800000| Untracked 
|  65|0x000000070aa00000, 0x000000070aa00000, 0x000000070ac00000|  0%| F|  |TAMS 0x000000070aa00000, 0x000000070aa00000| Untracked 
|  66|0x000000070ac00000, 0x000000070ac00000, 0x000000070ae00000|  0%| F|  |TAMS 0x000000070ac00000, 0x000000070ac00000| Untracked 
|  67|0x000000070ae00000, 0x000000070ae00000, 0x000000070b000000|  0%| F|  |TAMS 0x000000070ae00000, 0x000000070ae00000| Untracked 
|  68|0x000000070b000000, 0x000000070b000000, 0x000000070b200000|  0%| F|  |TAMS 0x000000070b000000, 0x000000070b000000| Untracked 
|  69|0x000000070b200000, 0x000000070b200000, 0x000000070b400000|  0%| F|  |TAMS 0x000000070b200000, 0x000000070b200000| Untracked 
|  70|0x000000070b400000, 0x000000070b400000, 0x000000070b600000|  0%| F|  |TAMS 0x000000070b400000, 0x000000070b400000| Untracked 
|  71|0x000000070b600000, 0x000000070b600000, 0x000000070b800000|  0%| F|  |TAMS 0x000000070b600000, 0x000000070b600000| Untracked 
|  72|0x000000070b800000, 0x000000070b800000, 0x000000070ba00000|  0%| F|  |TAMS 0x000000070b800000, 0x000000070b800000| Untracked 
|  73|0x000000070ba00000, 0x000000070ba00000, 0x000000070bc00000|  0%| F|  |TAMS 0x000000070ba00000, 0x000000070ba00000| Untracked 
|  74|0x000000070bc00000, 0x000000070bc00000, 0x000000070be00000|  0%| F|  |TAMS 0x000000070bc00000, 0x000000070bc00000| Untracked 
|  75|0x000000070be00000, 0x000000070be00000, 0x000000070c000000|  0%| F|  |TAMS 0x000000070be00000, 0x000000070be00000| Untracked 
|  76|0x000000070c000000, 0x000000070c000000, 0x000000070c200000|  0%| F|  |TAMS 0x000000070c000000, 0x000000070c000000| Untracked 
|  77|0x000000070c200000, 0x000000070c200000, 0x000000070c400000|  0%| F|  |TAMS 0x000000070c200000, 0x000000070c200000| Untracked 
|  78|0x000000070c400000, 0x000000070c400000, 0x000000070c600000|  0%| F|  |TAMS 0x000000070c400000, 0x000000070c400000| Untracked 
|  79|0x000000070c600000, 0x000000070c600000, 0x000000070c800000|  0%| F|  |TAMS 0x000000070c600000, 0x000000070c600000| Untracked 
|  80|0x000000070c800000, 0x000000070c800000, 0x000000070ca00000|  0%| F|  |TAMS 0x000000070c800000, 0x000000070c800000| Untracked 
|  81|0x000000070ca00000, 0x000000070ca00000, 0x000000070cc00000|  0%| F|  |TAMS 0x000000070ca00000, 0x000000070ca00000| Untracked 
|  82|0x000000070cc00000, 0x000000070cc00000, 0x000000070ce00000|  0%| F|  |TAMS 0x000000070cc00000, 0x000000070cc00000| Untracked 
|  83|0x000000070ce00000, 0x000000070ce00000, 0x000000070d000000|  0%| F|  |TAMS 0x000000070ce00000, 0x000000070ce00000| Untracked 
|  84|0x000000070d000000, 0x000000070d000000, 0x000000070d200000|  0%| F|  |TAMS 0x000000070d000000, 0x000000070d000000| Untracked 
|  85|0x000000070d200000, 0x000000070d200000, 0x000000070d400000|  0%| F|  |TAMS 0x000000070d200000, 0x000000070d200000| Untracked 
|  86|0x000000070d400000, 0x000000070d400000, 0x000000070d600000|  0%| F|  |TAMS 0x000000070d400000, 0x000000070d400000| Untracked 
|  87|0x000000070d600000, 0x000000070d600000, 0x000000070d800000|  0%| F|  |TAMS 0x000000070d600000, 0x000000070d600000| Untracked 
|  88|0x000000070d800000, 0x000000070d800000, 0x000000070da00000|  0%| F|  |TAMS 0x000000070d800000, 0x000000070d800000| Untracked 
|  89|0x000000070da00000, 0x000000070da00000, 0x000000070dc00000|  0%| F|  |TAMS 0x000000070da00000, 0x000000070da00000| Untracked 
|  90|0x000000070dc00000, 0x000000070dc00000, 0x000000070de00000|  0%| F|  |TAMS 0x000000070dc00000, 0x000000070dc00000| Untracked 
|  91|0x000000070de00000, 0x000000070de00000, 0x000000070e000000|  0%| F|  |TAMS 0x000000070de00000, 0x000000070de00000| Untracked 
|  92|0x000000070e000000, 0x000000070e000000, 0x000000070e200000|  0%| F|  |TAMS 0x000000070e000000, 0x000000070e000000| Untracked 
|  93|0x000000070e200000, 0x000000070e200000, 0x000000070e400000|  0%| F|  |TAMS 0x000000070e200000, 0x000000070e200000| Untracked 
|  94|0x000000070e400000, 0x000000070e400000, 0x000000070e600000|  0%| F|  |TAMS 0x000000070e400000, 0x000000070e400000| Untracked 
|  95|0x000000070e600000, 0x000000070e600000, 0x000000070e800000|  0%| F|  |TAMS 0x000000070e600000, 0x000000070e600000| Untracked 
|  96|0x000000070e800000, 0x000000070e800000, 0x000000070ea00000|  0%| F|  |TAMS 0x000000070e800000, 0x000000070e800000| Untracked 
|  97|0x000000070ea00000, 0x000000070ea00000, 0x000000070ec00000|  0%| F|  |TAMS 0x000000070ea00000, 0x000000070ea00000| Untracked 
|  98|0x000000070ec00000, 0x000000070ec00000, 0x000000070ee00000|  0%| F|  |TAMS 0x000000070ec00000, 0x000000070ec00000| Untracked 
|  99|0x000000070ee00000, 0x000000070ee00000, 0x000000070f000000|  0%| F|  |TAMS 0x000000070ee00000, 0x000000070ee00000| Untracked 
| 100|0x000000070f000000, 0x000000070f000000, 0x000000070f200000|  0%| F|  |TAMS 0x000000070f000000, 0x000000070f000000| Untracked 
| 101|0x000000070f200000, 0x000000070f200000, 0x000000070f400000|  0%| F|  |TAMS 0x000000070f200000, 0x000000070f200000| Untracked 
| 102|0x000000070f400000, 0x000000070f400000, 0x000000070f600000|  0%| F|  |TAMS 0x000000070f400000, 0x000000070f400000| Untracked 
| 103|0x000000070f600000, 0x000000070f600000, 0x000000070f800000|  0%| F|  |TAMS 0x000000070f600000, 0x000000070f600000| Untracked 
| 104|0x000000070f800000, 0x000000070f800000, 0x000000070fa00000|  0%| F|  |TAMS 0x000000070f800000, 0x000000070f800000| Untracked 
| 105|0x000000070fa00000, 0x000000070fa00000, 0x000000070fc00000|  0%| F|  |TAMS 0x000000070fa00000, 0x000000070fa00000| Untracked 
| 106|0x000000070fc00000, 0x000000070fc00000, 0x000000070fe00000|  0%| F|  |TAMS 0x000000070fc00000, 0x000000070fc00000| Untracked 
| 107|0x000000070fe00000, 0x000000070fe00000, 0x0000000710000000|  0%| F|  |TAMS 0x000000070fe00000, 0x000000070fe00000| Untracked 
| 108|0x0000000710000000, 0x0000000710000000, 0x0000000710200000|  0%| F|  |TAMS 0x0000000710000000, 0x0000000710000000| Untracked 
| 109|0x0000000710200000, 0x0000000710200000, 0x0000000710400000|  0%| F|  |TAMS 0x0000000710200000, 0x0000000710200000| Untracked 
| 110|0x0000000710400000, 0x0000000710544930, 0x0000000710600000| 63%| S|CS|TAMS 0x0000000710400000, 0x0000000710400000| Complete 
| 111|0x0000000710600000, 0x0000000710600000, 0x0000000710800000|  0%| F|  |TAMS 0x0000000710600000, 0x0000000710600000| Untracked 
| 112|0x0000000710800000, 0x0000000710800000, 0x0000000710a00000|  0%| F|  |TAMS 0x0000000710800000, 0x0000000710800000| Untracked 
| 113|0x0000000710a00000, 0x0000000710c00000, 0x0000000710c00000|100%| E|  |TAMS 0x0000000710a00000, 0x0000000710a00000| Complete 
| 114|0x0000000710c00000, 0x0000000710e00000, 0x0000000710e00000|100%| E|CS|TAMS 0x0000000710c00000, 0x0000000710c00000| Complete 
| 115|0x0000000710e00000, 0x0000000711000000, 0x0000000711000000|100%| E|CS|TAMS 0x0000000710e00000, 0x0000000710e00000| Complete 
| 116|0x0000000711000000, 0x0000000711200000, 0x0000000711200000|100%| E|CS|TAMS 0x0000000711000000, 0x0000000711000000| Complete 
| 117|0x0000000711200000, 0x0000000711400000, 0x0000000711400000|100%| E|CS|TAMS 0x0000000711200000, 0x0000000711200000| Complete 
| 118|0x0000000711400000, 0x0000000711600000, 0x0000000711600000|100%| E|CS|TAMS 0x0000000711400000, 0x0000000711400000| Complete 
| 119|0x0000000711600000, 0x0000000711800000, 0x0000000711800000|100%| E|CS|TAMS 0x0000000711600000, 0x0000000711600000| Complete 
| 120|0x0000000711800000, 0x0000000711a00000, 0x0000000711a00000|100%| E|CS|TAMS 0x0000000711800000, 0x0000000711800000| Complete 
| 121|0x0000000711a00000, 0x0000000711c00000, 0x0000000711c00000|100%| E|CS|TAMS 0x0000000711a00000, 0x0000000711a00000| Complete 
| 122|0x0000000711c00000, 0x0000000711e00000, 0x0000000711e00000|100%| E|CS|TAMS 0x0000000711c00000, 0x0000000711c00000| Complete 
| 123|0x0000000711e00000, 0x0000000712000000, 0x0000000712000000|100%| E|CS|TAMS 0x0000000711e00000, 0x0000000711e00000| Complete 
| 124|0x0000000712000000, 0x0000000712200000, 0x0000000712200000|100%| E|CS|TAMS 0x0000000712000000, 0x0000000712000000| Complete 
| 125|0x0000000712200000, 0x0000000712400000, 0x0000000712400000|100%| E|CS|TAMS 0x0000000712200000, 0x0000000712200000| Complete 
| 126|0x0000000712400000, 0x0000000712600000, 0x0000000712600000|100%| E|CS|TAMS 0x0000000712400000, 0x0000000712400000| Complete 

Card table byte_map: [0x000001eb29f30000,0x000001eb2a720000] _byte_map_base: 0x000001eb2671c000

Marking Bits (Prev, Next): (CMBitMap*) 0x000001eb16a47f40, (CMBitMap*) 0x000001eb16a47f80
 Prev Bits: [0x000001eb2af10000, 0x000001eb2ee70000)
 Next Bits: [0x000001eb2ee70000, 0x000001eb32dd0000)

Polling page: 0x000001eb14800000

Metaspace:

Usage:
  Non-class:     18.16 MB capacity,    18.01 MB (>99%) used,   138.43 KB ( <1%) free+waste,    21.75 KB ( <1%) overhead. 
      Class:      2.05 MB capacity,     1.99 MB ( 97%) used,    49.53 KB (  2%) free+waste,     7.50 KB ( <1%) overhead. 
       Both:     20.21 MB capacity,    20.00 MB ( 99%) used,   187.96 KB ( <1%) free+waste,    29.25 KB ( <1%) overhead. 

Virtual space:
  Non-class space:       20.00 MB reserved,      18.25 MB ( 91%) committed 
      Class space:        1.00 GB reserved,       2.13 MB ( <1%) committed 
             Both:        1.02 GB reserved,      20.38 MB (  2%) committed 

Chunk freelists:
   Non-Class:  24.00 KB
       Class:  16.00 KB
        Both:  40.00 KB

MaxMetaspaceSize: 17179869184.00 GB
CompressedClassSpaceSize: 1.00 GB

CodeHeap 'non-profiled nmethods': size=120000Kb used=913Kb max_used=913Kb free=119086Kb
 bounds [0x000001eb21ed0000, 0x000001eb22140000, 0x000001eb29400000]
CodeHeap 'profiled nmethods': size=120000Kb used=4319Kb max_used=4319Kb free=115680Kb
 bounds [0x000001eb1a9a0000, 0x000001eb1ade0000, 0x000001eb21ed0000]
CodeHeap 'non-nmethods': size=5760Kb used=1300Kb max_used=1360Kb free=4460Kb
 bounds [0x000001eb1a400000, 0x000001eb1a670000, 0x000001eb1a9a0000]
 total_blobs=2777 nmethods=2294 adapters=395
 compilation: enabled
              stopped_count=0, restarted_count=0
 full_count=0

Compilation events (20 events):
Event: 61.225 Thread 0x000001eb360feee0 2285       4       okhttp3.HttpUrl::percentDecode (83 bytes)
Event: 61.233 Thread 0x000001eb360feee0 nmethod 2285 0x000001eb21fb3590 code [0x000001eb21fb3740, 0x000001eb21fb3f08]
Event: 61.250 Thread 0x000001eb3610c3d0 2286       3       java.util.Collections::unmodifiableSet (9 bytes)
Event: 61.251 Thread 0x000001eb3610c3d0 nmethod 2286 0x000001eb1adca290 code [0x000001eb1adca460, 0x000001eb1adca848]
Event: 61.251 Thread 0x000001eb3610c3d0 2287       3       jdk.internal.org.objectweb.asm.ClassReader::readShort (27 bytes)
Event: 61.251 Thread 0x000001eb3610c3d0 nmethod 2287 0x000001eb1adcaa10 code [0x000001eb1adcaba0, 0x000001eb1adcad18]
Event: 61.261 Thread 0x000001eb3610c3d0 2288       3       org.eclipse.jdt.launching.internal.org.objectweb.asm.ClassReader::readStackMapFrame (535 bytes)
Event: 61.262 Thread 0x000001eb3610c3d0 nmethod 2288 0x000001eb1adcae10 code [0x000001eb1adcb0c0, 0x000001eb1adcc268]
Event: 61.262 Thread 0x000001eb3610c3d0 2289       3       org.eclipse.jdt.launching.internal.org.objectweb.asm.MethodWriter::visitFrame (811 bytes)
Event: 61.263 Thread 0x000001eb3610c3d0 nmethod 2289 0x000001eb1adcc910 code [0x000001eb1adcce20, 0x000001eb1adcf2f8]
Event: 61.263 Thread 0x000001eb3610c3d0 2290       3       org.eclipse.jdt.launching.internal.org.objectweb.asm.MethodWriter::visitLocalVariable (222 bytes)
Event: 61.264 Thread 0x000001eb3610c3d0 nmethod 2290 0x000001eb1add0310 code [0x000001eb1add0660, 0x000001eb1add1818]
Event: 164.279 Thread 0x000001eb3610c3d0 2291       3       sun.nio.cs.UTF_8$Encoder::encodeArrayLoop (489 bytes)
Event: 164.281 Thread 0x000001eb3610c3d0 nmethod 2291 0x000001eb1add2090 code [0x000001eb1add26e0, 0x000001eb1add5c88]
Event: 164.281 Thread 0x000001eb3610c3d0 2293       3       jdk.internal.misc.VM::isModuleSystemInited (13 bytes)
Event: 164.282 Thread 0x000001eb3610c3d0 nmethod 2293 0x000001eb1add7010 code [0x000001eb1add71a0, 0x000001eb1add7338]
Event: 164.282 Thread 0x000001eb3610c3d0 2292       3       java.nio.charset.CoderResult::isUnderflow (13 bytes)
Event: 164.282 Thread 0x000001eb3610c3d0 nmethod 2292 0x000001eb1add7410 code [0x000001eb1add75a0, 0x000001eb1add76f8]
Event: 270.657 Thread 0x000001eb3610c3d0 2294       3       org.eclipse.jdt.launching.internal.org.objectweb.asm.ClassReader::readUTF8 (23 bytes)
Event: 270.657 Thread 0x000001eb3610c3d0 nmethod 2294 0x000001eb1add7790 code [0x000001eb1add7940, 0x000001eb1add7b78]

GC Heap History (4 events):
Event: 0.662 GC heap before
{Heap before GC invocations=0 (full 0):
 garbage-first heap   total 260096K, used 22528K [0x0000000702800000, 0x0000000800000000)
  region size 2048K, 11 young (22528K), 0 survivors (0K)
 Metaspace       used 12745K, capacity 12945K, committed 13056K, reserved 1060864K
  class space    used 1161K, capacity 1221K, committed 1280K, reserved 1048576K
}
Event: 0.668 GC heap after
{Heap after GC invocations=1 (full 0):
 garbage-first heap   total 260096K, used 4927K [0x0000000702800000, 0x0000000800000000)
  region size 2048K, 2 young (4096K), 2 survivors (4096K)
 Metaspace       used 12745K, capacity 12945K, committed 13056K, reserved 1060864K
  class space    used 1161K, capacity 1221K, committed 1280K, reserved 1048576K
}
Event: 1.551 GC heap before
{Heap before GC invocations=1 (full 0):
 garbage-first heap   total 260096K, used 33599K [0x0000000702800000, 0x0000000800000000)
  region size 2048K, 16 young (32768K), 2 survivors (4096K)
 Metaspace       used 17636K, capacity 17841K, committed 18048K, reserved 1064960K
  class space    used 1772K, capacity 1828K, committed 1920K, reserved 1048576K
}
Event: 1.555 GC heap after
{Heap after GC invocations=2 (full 0):
 garbage-first heap   total 260096K, used 6592K [0x0000000702800000, 0x0000000800000000)
  region size 2048K, 1 young (2048K), 1 survivors (2048K)
 Metaspace       used 17636K, capacity 17841K, committed 18048K, reserved 1064960K
  class space    used 1772K, capacity 1828K, committed 1920K, reserved 1048576K
}

Deoptimization events (20 events):
Event: 45.799 Thread 0x000001eb169f8a70 DEOPT PACKING pc=0x000001eb1ad032c4 sp=0x0000009bb00fe8c0
Event: 45.799 Thread 0x000001eb169f8a70 DEOPT UNPACKING pc=0x000001eb1a44e23f sp=0x0000009bb00fde10 mode 1
Event: 45.799 Thread 0x000001eb169f8a70 DEOPT PACKING pc=0x000001eb1ad23814 sp=0x0000009bb00fe9d0
Event: 45.799 Thread 0x000001eb169f8a70 DEOPT UNPACKING pc=0x000001eb1a44e23f sp=0x0000009bb00fdf30 mode 1
Event: 45.799 Thread 0x000001eb169f8a70 DEOPT PACKING pc=0x000001eb1ad032c4 sp=0x0000009bb00fe940
Event: 45.799 Thread 0x000001eb169f8a70 DEOPT UNPACKING pc=0x000001eb1a44e23f sp=0x0000009bb00fde90 mode 1
Event: 45.799 Thread 0x000001eb169f8a70 DEOPT PACKING pc=0x000001eb1ad23814 sp=0x0000009bb00fea50
Event: 45.799 Thread 0x000001eb169f8a70 DEOPT UNPACKING pc=0x000001eb1a44e23f sp=0x0000009bb00fdfb0 mode 1
Event: 45.799 Thread 0x000001eb169f8a70 DEOPT PACKING pc=0x000001eb1ad032c4 sp=0x0000009bb00fe8c0
Event: 45.799 Thread 0x000001eb169f8a70 DEOPT UNPACKING pc=0x000001eb1a44e23f sp=0x0000009bb00fde10 mode 1
Event: 45.799 Thread 0x000001eb169f8a70 DEOPT PACKING pc=0x000001eb1ad23814 sp=0x0000009bb00fe9d0
Event: 45.799 Thread 0x000001eb169f8a70 DEOPT UNPACKING pc=0x000001eb1a44e23f sp=0x0000009bb00fdf30 mode 1
Event: 61.261 Thread 0x000001eb169f8a70 Uncommon trap: trap_request=0xffffff45 fr.pc=0x000001eb21f8ad14 relative=0x0000000000001774
Event: 61.261 Thread 0x000001eb169f8a70 Uncommon trap: reason=unstable_if action=reinterpret pc=0x000001eb21f8ad14 method=org.eclipse.jdt.launching.internal.org.objectweb.asm.MethodWriter.putMethodInfo(Lorg/eclipse/jdt/launching/internal/org/objectweb/asm/ByteVector;)V @ 150 c2
Event: 61.261 Thread 0x000001eb169f8a70 DEOPT PACKING pc=0x000001eb21f8ad14 sp=0x0000009bb00fbd80
Event: 61.261 Thread 0x000001eb169f8a70 DEOPT UNPACKING pc=0x000001eb1a44e42f sp=0x0000009bb00fbd28 mode 2
Event: 270.657 Thread 0x000001eb365a00e0 Uncommon trap: trap_request=0xffffff45 fr.pc=0x000001eb21f02518 relative=0x00000000000006b8
Event: 270.657 Thread 0x000001eb365a00e0 Uncommon trap: reason=unstable_if action=reinterpret pc=0x000001eb21f02518 method=org.eclipse.jdt.launching.internal.org.objectweb.asm.ClassReader.readUtf(II[C)Ljava/lang/String; @ 41 c2
Event: 270.657 Thread 0x000001eb365a00e0 DEOPT PACKING pc=0x000001eb21f02518 sp=0x0000009bb10fdc70
Event: 270.657 Thread 0x000001eb365a00e0 DEOPT UNPACKING pc=0x000001eb1a44e42f sp=0x0000009bb10fdb80 mode 2

Classes unloaded (0 events):
No events

Classes redefined (8 events):
Event: 270.663 Thread 0x000001eb3606b870 redefined class name=by.others.MultipleSirhaz, count=1
Event: 312.681 Thread 0x000001eb3606b870 redefined class name=by.others.MultipleSirhaz, count=2
Event: 319.648 Thread 0x000001eb3606b870 redefined class name=by.others.MultipleSirhaz, count=3
Event: 410.027 Thread 0x000001eb3606b870 redefined class name=by.others.MultipleSirhaz, count=4
Event: 420.040 Thread 0x000001eb3606b870 redefined class name=by.others.MultipleSirhaz, count=5
Event: 458.224 Thread 0x000001eb3606b870 redefined class name=by.others.MultipleSirhaz, count=6
Event: 474.147 Thread 0x000001eb3606b870 redefined class name=by.others.MultipleSirhaz, count=7
Event: 504.532 Thread 0x000001eb3606b870 redefined class name=by.others.MultipleSirhaz, count=8

Internal exceptions (20 events):
Event: 1.394 Thread 0x000001eb169f8a70 Exception <a 'java/lang/NoSuchMethodError'{0x0000000711855f28}: 'java.lang.Object java.lang.invoke.DirectMethodHandle$Holder.invokeInterface(java.lang.Object, java.lang.Object, java.lang.Object)'> (0x0000000711855f28) 
thrown [./open/src/hotspot/share/interpreter/linkResolver.cpp, line 782]
Event: 1.395 Thread 0x000001eb169f8a70 Exception <a 'java/lang/IncompatibleClassChangeError'{0x00000007118599e0}: Found class java.lang.Object, but interface was expected> (0x00000007118599e0) 
thrown [./open/src/hotspot/share/interpreter/linkResolver.cpp, line 848]
Event: 1.396 Thread 0x000001eb169f8a70 Exception <a 'java/lang/NoSuchMethodError'{0x0000000711860658}: 'int java.lang.invoke.DirectMethodHandle$Holder.invokeSpecial(java.lang.Object, java.lang.Object, java.lang.Object)'> (0x0000000711860658) 
thrown [./open/src/hotspot/share/interpreter/linkResolver.cpp, line 782]
Event: 1.396 Thread 0x000001eb169f8a70 Exception <a 'java/lang/NoSuchMethodError'{0x00000007118672a0}: 'int java.lang.invoke.DirectMethodHandle$Holder.invokeSpecialIFC(java.lang.Object, java.lang.Object, java.lang.Object, java.lang.Object)'> (0x00000007118672a0) 
thrown [./open/src/hotspot/share/interpreter/linkResolver.cpp, line 782]
Event: 1.398 Thread 0x000001eb169f8a70 Exception <a 'java/lang/NoSuchMethodError'{0x0000000711870c90}: 'java.lang.Object java.lang.invoke.DirectMethodHandle$Holder.invokeInterface(java.lang.Object, java.lang.Object, java.lang.Object, java.lang.Object)'> (0x0000000711870c90) 
thrown [./open/src/hotspot/share/interpreter/linkResolver.cpp, line 782]
Event: 1.403 Thread 0x000001eb169f8a70 Exception <a 'java/lang/NoSuchMethodError'{0x00000007118bd0f0}: 'java.lang.Object java.lang.invoke.DirectMethodHandle$Holder.invokeVirtual(java.lang.Object, java.lang.Object, java.lang.Object)'> (0x00000007118bd0f0) 
thrown [./open/src/hotspot/share/interpreter/linkResolver.cpp, line 782]
Event: 1.411 Thread 0x000001eb169f8a70 Exception <a 'java/lang/NoSuchMethodError'{0x00000007119e9b58}: 'void java.lang.invoke.DirectMethodHandle$Holder.invokeInterface(java.lang.Object, java.lang.Object, java.lang.Object)'> (0x00000007119e9b58) 
thrown [./open/src/hotspot/share/interpreter/linkResolver.cpp, line 782]
Event: 1.420 Thread 0x000001eb169f8a70 Exception <a 'java/lang/NoSuchMethodError'{0x00000007117117c8}: 'int java.lang.invoke.DirectMethodHandle$Holder.invokeVirtual(java.lang.Object, java.lang.Object)'> (0x00000007117117c8) 
thrown [./open/src/hotspot/share/interpreter/linkResolver.cpp, line 782]
Event: 1.421 Thread 0x000001eb169f8a70 Exception <a 'java/lang/NoSuchMethodError'{0x0000000711717ff0}: 'double java.lang.invoke.DirectMethodHandle$Holder.invokeVirtual(java.lang.Object, java.lang.Object)'> (0x0000000711717ff0) 
thrown [./open/src/hotspot/share/interpreter/linkResolver.cpp, line 782]
Event: 1.421 Thread 0x000001eb169f8a70 Exception <a 'java/lang/NoSuchMethodError'{0x000000071171ed40}: 'float java.lang.invoke.DirectMethodHandle$Holder.invokeVirtual(java.lang.Object, java.lang.Object)'> (0x000000071171ed40) 
thrown [./open/src/hotspot/share/interpreter/linkResolver.cpp, line 782]
Event: 1.422 Thread 0x000001eb169f8a70 Exception <a 'java/lang/NoSuchMethodError'{0x0000000711728640}: 'long java.lang.invoke.DirectMethodHandle$Holder.invokeVirtual(java.lang.Object, java.lang.Object)'> (0x0000000711728640) 
thrown [./open/src/hotspot/share/interpreter/linkResolver.cpp, line 782]
Event: 1.426 Thread 0x000001eb169f8a70 Exception <a 'java/lang/NoSuchMethodError'{0x00000007117852a0}: 'void java.lang.invoke.DirectMethodHandle$Holder.invokeStatic(java.lang.Object, java.lang.Object, java.lang.Object)'> (0x00000007117852a0) 
thrown [./open/src/hotspot/share/interpreter/linkResolver.cpp, line 782]
Event: 1.450 Thread 0x000001eb169f8a70 Exception <a 'java/lang/NoSuchMethodError'{0x00000007115ce8f8}: 'void java.lang.invoke.DirectMethodHandle$Holder.invokeSpecial(java.lang.Object, java.lang.Object, java.lang.Object, java.lang.Object, java.lang.Object)'> (0x00000007115ce8f8) 
thrown [./open/src/hotspot/share/interpreter/linkResolver.cpp, line 782]
Event: 1.466 Thread 0x000001eb169f8a70 Exception <a 'java/lang/NoSuchMethodError'{0x00000007113625a0}: 'java.lang.Object java.lang.invoke.DirectMethodHandle$Holder.newInvokeSpecial(java.lang.Object, java.lang.Object, java.lang.Object, java.lang.Object, java.lang.Object)'> (0x00000007113625a0) 
thrown [./open/src/hotspot/share/interpreter/linkResolver.cpp, line 782]
Event: 1.484 Thread 0x000001eb169f8a70 Exception <a 'java/lang/NoSuchMethodError'{0x0000000711166340}: 'java.lang.Object java.lang.invoke.Invokers$Holder.invokeExact_MT(java.lang.Object, java.lang.Object, java.lang.Object, java.lang.Object, java.lang.Object, java.lang.Object)'> (0x0000000711166340) 
thrown [./open/src/hotspot/share/interpreter/linkResolver.cpp, line 782]
Event: 1.571 Thread 0x000001eb169f8a70 Exception <a 'java/lang/NoSuchMethodError'{0x0000000712268b38}: 'void java.lang.invoke.DirectMethodHandle$Holder.invokeStatic(java.lang.Object, java.lang.Object, java.lang.Object, java.lang.Object)'> (0x0000000712268b38) 
thrown [./open/src/hotspot/share/interpreter/linkResolver.cpp, line 782]
Event: 4.253 Thread 0x000001eb169f8a70 Exception <a 'java/lang/NoSuchMethodError'{0x0000000711efa400}: 'java.lang.Object java.lang.invoke.DirectMethodHandle$Holder.invokeSpecialIFC(java.lang.Object, java.lang.Object, java.lang.Object)'> (0x0000000711efa400) 
thrown [./open/src/hotspot/share/interpreter/linkResolver.cpp, line 782]
Event: 4.267 Thread 0x000001eb169f8a70 Exception <a 'java/lang/NoSuchMethodError'{0x0000000711ff5388}: 'java.lang.Object java.lang.invoke.DirectMethodHandle$Holder.invokeStatic(java.lang.Object, int, java.lang.Object)'> (0x0000000711ff5388) 
thrown [./open/src/hotspot/share/interpreter/linkResolver.cpp, line 782]
Event: 4.278 Thread 0x000001eb169f8a70 Exception <a 'java/lang/ClassNotFoundException'{0x0000000711c62308}: sun/util/logging/resources/spi/loggingProvider> (0x0000000711c62308) 
thrown [./open/src/hotspot/share/classfile/systemDictionary.cpp, line 295]
Event: 61.261 Thread 0x000001eb169f8a70 Exception <a 'java/lang/ClassNotFoundException'{0x0000000710a4e4e8}: sun/misc/SharedSecrets> (0x0000000710a4e4e8) 
thrown [./open/src/hotspot/share/classfile/systemDictionary.cpp, line 295]

Events (20 events):
Event: 474.161 Executing VM operation: GetFrameCount
Event: 474.162 Executing VM operation: GetFrameCount done
Event: 474.162 Executing VM operation: GetStackTrace
Event: 474.162 Executing VM operation: GetStackTrace done
Event: 474.605 Executing VM operation: GetFrameCount
Event: 474.605 Executing VM operation: GetFrameCount done
Event: 504.529 Executing VM operation: RedefineClasses
Event: 504.538 Executing VM operation: RedefineClasses done
Event: 504.543 Executing VM operation: ChangeBreakpoints
Event: 504.544 Executing VM operation: ChangeBreakpoints done
Event: 504.545 Executing VM operation: GetFrameCount
Event: 504.545 Executing VM operation: GetFrameCount done
Event: 504.545 Executing VM operation: GetStackTrace
Event: 504.545 Executing VM operation: GetStackTrace done
Event: 504.818 Executing VM operation: GetFrameCount
Event: 504.818 Executing VM operation: GetFrameCount done
Event: 509.063 Executing VM operation: GetFrameCount
Event: 509.063 Executing VM operation: GetFrameCount done
Event: 509.063 Executing VM operation: GetStackTrace
Event: 509.063 Executing VM operation: GetStackTrace done


Dynamic libraries:
0x00007ff79b4f0000 - 0x00007ff79b4fd000 	D:\isolveDev\eclipse\plugins\org.eclipse.justj.openjdk.hotspot.jre.full.win32.x86_64_15.0.1.v20201027-0507\jre\bin\javaw.exe
0x00007ffb988a0000 - 0x00007ffb98a90000 	C:\WINDOWS\SYSTEM32\ntdll.dll
0x00007ffb97660000 - 0x00007ffb97712000 	C:\WINDOWS\System32\KERNEL32.DLL
0x00007ffb96670000 - 0x00007ffb96915000 	C:\WINDOWS\System32\KERNELBASE.dll
0x00007ffb96040000 - 0x00007ffb9613a000 	C:\WINDOWS\System32\ucrtbase.dll
0x00007ffb7e2c0000 - 0x00007ffb7e2d8000 	D:\isolveDev\eclipse\plugins\org.eclipse.justj.openjdk.hotspot.jre.full.win32.x86_64_15.0.1.v20201027-0507\jre\bin\jli.dll
0x00007ffb7e160000 - 0x00007ffb7e179000 	D:\isolveDev\eclipse\plugins\org.eclipse.justj.openjdk.hotspot.jre.full.win32.x86_64_15.0.1.v20201027-0507\jre\bin\VCRUNTIME140.dll
0x00007ffb97e40000 - 0x00007ffb97fd4000 	C:\WINDOWS\System32\USER32.dll
0x00007ffb96640000 - 0x00007ffb96661000 	C:\WINDOWS\System32\win32u.dll
0x00007ffb7fbe0000 - 0x00007ffb7fe64000 	C:\WINDOWS\WinSxS\amd64_microsoft.windows.common-controls_6595b64144ccf1df_6.0.18362.1256_none_9e7e379be45e40e2\COMCTL32.dll
0x00007ffb98230000 - 0x00007ffb98256000 	C:\WINDOWS\System32\GDI32.dll
0x00007ffb961f0000 - 0x00007ffb96386000 	C:\WINDOWS\System32\gdi32full.dll
0x00007ffb987c0000 - 0x00007ffb9885e000 	C:\WINDOWS\System32\msvcrt.dll
0x00007ffb95fa0000 - 0x00007ffb9603e000 	C:\WINDOWS\System32\msvcp_win.dll
0x00007ffb96ab0000 - 0x00007ffb96de6000 	C:\WINDOWS\System32\combase.dll
0x00007ffb978a0000 - 0x00007ffb979c0000 	C:\WINDOWS\System32\RPCRT4.dll
0x00007ffb965b0000 - 0x00007ffb96631000 	C:\WINDOWS\System32\bcryptPrimitives.dll
0x00007ffb984f0000 - 0x00007ffb9851e000 	C:\WINDOWS\System32\IMM32.DLL
0x00007ffb922f0000 - 0x00007ffb922fc000 	D:\isolveDev\eclipse\plugins\org.eclipse.justj.openjdk.hotspot.jre.full.win32.x86_64_15.0.1.v20201027-0507\jre\bin\vcruntime140_1.dll
0x00007ffb7e090000 - 0x00007ffb7e121000 	D:\isolveDev\eclipse\plugins\org.eclipse.justj.openjdk.hotspot.jre.full.win32.x86_64_15.0.1.v20201027-0507\jre\bin\msvcp140.dll
0x00007ffb463a0000 - 0x00007ffb46efe000 	D:\isolveDev\eclipse\plugins\org.eclipse.justj.openjdk.hotspot.jre.full.win32.x86_64_15.0.1.v20201027-0507\jre\bin\server\jvm.dll
0x00007ffb98180000 - 0x00007ffb98223000 	C:\WINDOWS\System32\ADVAPI32.dll
0x00007ffb975c0000 - 0x00007ffb97657000 	C:\WINDOWS\System32\sechost.dll
0x00007ffb98330000 - 0x00007ffb98338000 	C:\WINDOWS\System32\PSAPI.DLL
0x00007ffb80630000 - 0x00007ffb80639000 	C:\WINDOWS\SYSTEM32\WSOCK32.dll
0x00007ffb8d9d0000 - 0x00007ffb8d9da000 	C:\WINDOWS\SYSTEM32\VERSION.dll
0x00007ffb92930000 - 0x00007ffb92954000 	C:\WINDOWS\SYSTEM32\WINMM.dll
0x00007ffb98750000 - 0x00007ffb987bf000 	C:\WINDOWS\System32\WS2_32.dll
0x00007ffb92900000 - 0x00007ffb9292d000 	C:\WINDOWS\SYSTEM32\winmmbase.dll
0x00007ffb96390000 - 0x00007ffb963da000 	C:\WINDOWS\System32\cfgmgr32.dll
0x00007ffb957a0000 - 0x00007ffb957b1000 	C:\WINDOWS\System32\kernel.appcore.dll
0x00007ffb92220000 - 0x00007ffb9222a000 	D:\isolveDev\eclipse\plugins\org.eclipse.justj.openjdk.hotspot.jre.full.win32.x86_64_15.0.1.v20201027-0507\jre\bin\jimage.dll
0x00007ffb81850000 - 0x00007ffb81a44000 	C:\WINDOWS\SYSTEM32\DBGHELP.DLL
0x00007ffb815b0000 - 0x00007ffb815da000 	C:\WINDOWS\SYSTEM32\dbgcore.DLL
0x00007ffb7e050000 - 0x00007ffb7e089000 	D:\isolveDev\eclipse\plugins\org.eclipse.justj.openjdk.hotspot.jre.full.win32.x86_64_15.0.1.v20201027-0507\jre\bin\jdwp.dll
0x00007ffb81710000 - 0x00007ffb8171e000 	D:\isolveDev\eclipse\plugins\org.eclipse.justj.openjdk.hotspot.jre.full.win32.x86_64_15.0.1.v20201027-0507\jre\bin\instrument.dll
0x00007ffb83ee0000 - 0x00007ffb83f05000 	D:\isolveDev\eclipse\plugins\org.eclipse.justj.openjdk.hotspot.jre.full.win32.x86_64_15.0.1.v20201027-0507\jre\bin\java.dll
0x00007ffb84570000 - 0x00007ffb84588000 	D:\isolveDev\eclipse\plugins\org.eclipse.justj.openjdk.hotspot.jre.full.win32.x86_64_15.0.1.v20201027-0507\jre\bin\zip.dll
0x00007ffb96df0000 - 0x00007ffb974d7000 	C:\WINDOWS\System32\SHELL32.dll
0x00007ffb977e0000 - 0x00007ffb97889000 	C:\WINDOWS\System32\shcore.dll
0x00007ffb95810000 - 0x00007ffb95f91000 	C:\WINDOWS\System32\windows.storage.dll
0x00007ffb95750000 - 0x00007ffb95773000 	C:\WINDOWS\System32\profapi.dll
0x00007ffb957c0000 - 0x00007ffb9580a000 	C:\WINDOWS\System32\powrprof.dll
0x00007ffb95740000 - 0x00007ffb95750000 	C:\WINDOWS\System32\UMPDC.dll
0x00007ffb97720000 - 0x00007ffb97772000 	C:\WINDOWS\System32\shlwapi.dll
0x00007ffb963e0000 - 0x00007ffb963f7000 	C:\WINDOWS\System32\cryptsp.dll
0x00007ffb7e9b0000 - 0x00007ffb7e9bb000 	D:\isolveDev\eclipse\plugins\org.eclipse.justj.openjdk.hotspot.jre.full.win32.x86_64_15.0.1.v20201027-0507\jre\bin\dt_socket.dll
0x00007ffb94ca0000 - 0x00007ffb94cda000 	C:\WINDOWS\SYSTEM32\IPHLPAPI.DLL
0x00007ffb94f90000 - 0x00007ffb94ff7000 	C:\WINDOWS\system32\mswsock.dll
0x00007ffb94ce0000 - 0x00007ffb94dab000 	C:\WINDOWS\SYSTEM32\DNSAPI.dll
0x00007ffb97e30000 - 0x00007ffb97e38000 	C:\WINDOWS\System32\NSI.dll
0x00007ffb91020000 - 0x00007ffb9102a000 	C:\Windows\System32\rasadhlp.dll
0x00007ffb8fc40000 - 0x00007ffb8fcb7000 	C:\WINDOWS\System32\fwpuclnt.dll
0x00007ffb96920000 - 0x00007ffb96946000 	C:\WINDOWS\System32\bcrypt.dll
0x00007ffb84280000 - 0x00007ffb84299000 	D:\isolveDev\eclipse\plugins\org.eclipse.justj.openjdk.hotspot.jre.full.win32.x86_64_15.0.1.v20201027-0507\jre\bin\net.dll
0x00007ffb91d60000 - 0x00007ffb91e50000 	C:\WINDOWS\SYSTEM32\WINHTTP.dll
0x00007ffb83e30000 - 0x00007ffb83e42000 	D:\isolveDev\eclipse\plugins\org.eclipse.justj.openjdk.hotspot.jre.full.win32.x86_64_15.0.1.v20201027-0507\jre\bin\nio.dll
0x00007ffb88b60000 - 0x00007ffb88b70000 	D:\isolveDev\eclipse\plugins\org.eclipse.justj.openjdk.hotspot.jre.full.win32.x86_64_15.0.1.v20201027-0507\jre\bin\verify.dll
0x00007ffb84120000 - 0x00007ffb8412d000 	D:\isolveDev\eclipse\plugins\org.eclipse.justj.openjdk.hotspot.jre.full.win32.x86_64_15.0.1.v20201027-0507\jre\bin\sunmscapi.dll
0x00007ffb96460000 - 0x00007ffb965a9000 	C:\WINDOWS\System32\CRYPT32.dll
0x00007ffb95780000 - 0x00007ffb95792000 	C:\WINDOWS\System32\MSASN1.dll
0x00007ffb95260000 - 0x00007ffb95286000 	C:\WINDOWS\SYSTEM32\ncrypt.dll
0x00007ffb95220000 - 0x00007ffb9525b000 	C:\WINDOWS\SYSTEM32\NTASN1.dll
0x00007ffb94b00000 - 0x00007ffb94b33000 	C:\WINDOWS\system32\rsaenh.dll
0x00007ffb95620000 - 0x00007ffb95645000 	C:\WINDOWS\SYSTEM32\USERENV.dll
0x00007ffb95160000 - 0x00007ffb9516c000 	C:\WINDOWS\SYSTEM32\CRYPTBASE.dll
0x00007ffb90190000 - 0x00007ffb901a6000 	C:\WINDOWS\SYSTEM32\dhcpcsvc6.DLL
0x00007ffb900c0000 - 0x00007ffb900dc000 	C:\WINDOWS\SYSTEM32\dhcpcsvc.DLL
0x00007ffb7de40000 - 0x00007ffb7de56000 	C:\WINDOWS\system32\napinsp.dll
0x00007ffb7de20000 - 0x00007ffb7de3a000 	C:\WINDOWS\system32\pnrpnsp.dll
0x00007ffb770a0000 - 0x00007ffb770b5000 	C:\WINDOWS\system32\wshbth.dll
0x00007ffb921e0000 - 0x00007ffb921fc000 	C:\WINDOWS\system32\NLAapi.dll
0x00007ffb83ed0000 - 0x00007ffb83ede000 	C:\WINDOWS\System32\winrnr.dll

dbghelp: loaded successfully - version: 4.0.5 - missing functions: none
symbol engine: initialized successfully - sym options: 0x614 - pdb path: .;D:\isolveDev\eclipse\plugins\org.eclipse.justj.openjdk.hotspot.jre.full.win32.x86_64_15.0.1.v20201027-0507\jre\bin;C:\WINDOWS\SYSTEM32;C:\WINDOWS\WinSxS\amd64_microsoft.windows.common-controls_6595b64144ccf1df_6.0.18362.1256_none_9e7e379be45e40e2;D:\isolveDev\eclipse\plugins\org.eclipse.justj.openjdk.hotspot.jre.full.win32.x86_64_15.0.1.v20201027-0507\jre\bin\server

VM Arguments:
jvm_args: -XX:+ShowCodeDetailsInExceptionMessages -agentlib:jdwp=transport=dt_socket,suspend=y,address=localhost:59596 -javaagent:D:\isolveDev\eclipse\configuration\org.eclipse.osgi\405\0\.cp\lib\javaagent-shaded.jar -Dfile.encoding=UTF-8 
java_command: by.others.MultipleSirhaz
java_class_path (initial): D:\isolveDev\selenium\bin;D:\isolveDev\selenium\resources\selenium-server-standalone-3.141.59.jar;C:\Users\parma\Downloads\sikulixide-2.0.4.jar
Launcher Type: SUN_STANDARD

[Global flags]
     intx CICompilerCount                          = 4                                         {product} {ergonomic}
     uint ConcGCThreads                            = 2                                         {product} {ergonomic}
     uint G1ConcRefinementThreads                  = 8                                         {product} {ergonomic}
   size_t G1HeapRegionSize                         = 2097152                                   {product} {ergonomic}
    uintx GCDrainStackTargetSize                   = 64                                        {product} {ergonomic}
   size_t InitialHeapSize                          = 266338304                                 {product} {ergonomic}
   size_t MarkStackSize                            = 4194304                                   {product} {ergonomic}
   size_t MaxHeapSize                              = 4253024256                                {product} {ergonomic}
   size_t MaxNewSize                               = 2550136832                                {product} {ergonomic}
   size_t MinHeapDeltaBytes                        = 2097152                                   {product} {ergonomic}
   size_t MinHeapSize                              = 8388608                                   {product} {ergonomic}
    uintx NonNMethodCodeHeapSize                   = 5839372                                {pd product} {ergonomic}
    uintx NonProfiledCodeHeapSize                  = 122909434                              {pd product} {ergonomic}
    uintx ProfiledCodeHeapSize                     = 122909434                              {pd product} {ergonomic}
    uintx ReservedCodeCacheSize                    = 251658240                              {pd product} {ergonomic}
     bool SegmentedCodeCache                       = true                                      {product} {ergonomic}
     bool ShowCodeDetailsInExceptionMessages       = true                                   {manageable} {command line}
   size_t SoftMaxHeapSize                          = 4253024256                             {manageable} {ergonomic}
     bool UseCompressedClassPointers               = true                                 {lp64_product} {ergonomic}
     bool UseCompressedOops                        = true                                 {lp64_product} {ergonomic}
     bool UseG1GC                                  = true                                      {product} {ergonomic}
     bool UseLargePagesIndividualAllocation        = false                                  {pd product} {ergonomic}

Logging:
Log output configuration:
 #0: stdout all=warning uptime,level,tags
 #1: stderr all=off uptime,level,tags

Environment Variables:
JAVA_HOME=C:\Program Files\Java\jdk1.8.0_271\
PATH=D:\isolveDev\eclipse\plugins\org.eclipse.justj.openjdk.hotspot.jre.full.win32.x86_64_15.0.1.v20201027-0507\jre\bin;D:/isolveDev/eclipse//plugins/org.eclipse.justj.openjdk.hotspot.jre.full.win32.x86_64_15.0.1.v20201027-0507/jre/bin/server;D:/isolveDev/eclipse//plugins/org.eclipse.justj.openjdk.hotspot.jre.full.win32.x86_64_15.0.1.v20201027-0507/jre/bin;C:\Program Files (x86)\Common Files\Oracle\Java\javapath;C:\Program Files (x86)\Intel\Intel(R) Management Engine Components\iCLS\;C:\Program Files\Intel\Intel(R) Management Engine Components\iCLS\;C:\WINDOWS\system32;C:\WINDOWS;C:\WINDOWS\System32\Wbem;C:\WINDOWS\System32\WindowsPowerShell\v1.0\;C:\WINDOWS\System32\OpenSSH\;C:\Program Files (x86)\Intel\Intel(R) Management Engine Components\DAL;C:\Program Files\Intel\Intel(R) Management Engine Components\DAL;C:\Program Files\Intel\WiFi\bin\;C:\Program Files\Common Files\Intel\WirelessCommon\;%JAVA_HOME\bin%;C:\Program Files\Git\cmd;C:\Users\parma\AppData\Local\Microsoft\WindowsApps;;D:\isolveDev\eclipse;
USERNAME=iSolve
OS=Windows_NT
PROCESSOR_IDENTIFIER=Intel64 Family 6 Model 142 Stepping 10, GenuineIntel



---------------  S Y S T E M  ---------------

OS:
 Windows 10 , 64 bit Build 18362 (10.0.18362.1110)
OS uptime: 0 days 7:10 hours

CPU: total 8 (initial active 8) (4 cores per cpu, 2 threads per core) family 6 model 142 stepping 10 microcode 0xca, cmov, cx8, fxsr, mmx, sse, sse2, sse3, ssse3, sse4.1, sse4.2, popcnt, vzeroupper, avx, avx2, aes, clmul, erms, rtm, 3dnowpref, lzcnt, ht, tsc, tscinvbit, bmi1, bmi2, adx, fma, clflush, clflushopt

Memory: 4k page, system-wide physical 16222M (7224M free)
TotalPageFile size 19166M (AvailPageFile size 7707M)
current process WorkingSet (physical memory assigned to process): 103M, peak: 116M
current process commit charge ("private bytes"): 360M, peak: 375M

vm_info: OpenJDK 64-Bit Server VM (15.0.1+9-18) for windows-amd64 JRE (15.0.1+9-18), built on Sep 15 2020 14:39:31 by "mach5one" with unknown MS VC++:1925

END.
